java.lang.NullPointerException: Attempt to invoke interface method 'java.lang.String java.lang.CharSequence.toString()' on a null object reference

10-09-2017 19:40:25.573--------- Stack Trace ---------

    research.sg.edu.edapp.kb.SwipeDetection.getkeylabel(SwipeDetection.java:63)
    research.sg.edu.edapp.kb.SwipeDetection$1.onTouch(SwipeDetection.java:236)
    android.view.View.dispatchTouchEvent(View.java:9427)
    android.view.ViewGroup.dispatchTransformedTouchEvent(ViewGroup.java:2666)
    android.view.ViewGroup.dispatchTouchEvent(ViewGroup.java:2257)
    android.view.ViewGroup.dispatchTransformedTouchEvent(ViewGroup.java:2666)
    android.view.ViewGroup.dispatchTouchEvent(ViewGroup.java:2257)
    android.view.ViewGroup.dispatchTransformedTouchEvent(ViewGroup.java:2666)
    android.view.ViewGroup.dispatchTouchEvent(ViewGroup.java:2257)
    android.view.ViewGroup.dispatchTransformedTouchEvent(ViewGroup.java:2666)
    android.view.ViewGroup.dispatchTouchEvent(ViewGroup.java:2257)
    android.view.ViewGroup.dispatchTransformedTouchEvent(ViewGroup.java:2666)
    android.view.ViewGroup.dispatchTouchEvent(ViewGroup.java:2257)
    com.android.internal.policy.PhoneWindow$DecorView.superDispatchTouchEvent(PhoneWindow.java:2480)
    com.android.internal.policy.PhoneWindow.superDispatchTouchEvent(PhoneWindow.java:1775)
    android.app.Dialog.dispatchTouchEvent(Dialog.java:810)
    android.inputmethodservice.SoftInputWindow.dispatchTouchEvent(SoftInputWindow.java:93)
    com.android.internal.policy.PhoneWindow$DecorView.dispatchTouchEvent(PhoneWindow.java:2441)
    android.view.View.dispatchPointerEvent(View.java:9667)
    android.view.ViewRootImpl$ViewPostImeInputStage.processPointerEvent(ViewRootImpl.java:4761)
    android.view.ViewRootImpl$ViewPostImeInputStage.onProcess(ViewRootImpl.java:4619)
    android.view.ViewRootImpl$InputStage.deliver(ViewRootImpl.java:4106)
    android.view.ViewRootImpl$InputStage.onDeliverToNext(ViewRootImpl.java:4159)
    android.view.ViewRootImpl$InputStage.forward(ViewRootImpl.java:4125)
    android.view.ViewRootImpl$AsyncInputStage.forward(ViewRootImpl.java:4289)
    android.view.ViewRootImpl$InputStage.apply(ViewRootImpl.java:4133)
    android.view.ViewRootImpl$AsyncInputStage.apply(ViewRootImpl.java:4346)
    android.view.ViewRootImpl$InputStage.deliver(ViewRootImpl.java:4106)
    android.view.ViewRootImpl$InputStage.onDeliverToNext(ViewRootImpl.java:4159)
    android.view.ViewRootImpl$InputStage.forward(ViewRootImpl.java:4125)
    android.view.ViewRootImpl$InputStage.apply(ViewRootImpl.java:4133)
    android.view.ViewRootImpl$InputStage.deliver(ViewRootImpl.java:4106)
    android.view.ViewRootImpl.deliverInputEvent(ViewRootImpl.java:6589)
    android.view.ViewRootImpl.doProcessInputEvents(ViewRootImpl.java:6563)
    android.view.ViewRootImpl.enqueueInputEvent(ViewRootImpl.java:6495)
    android.view.ViewRootImpl$WindowInputEventReceiver.onInputEvent(ViewRootImpl.java:6761)
    android.view.InputEventReceiver.dispatchInputEvent(InputEventReceiver.java:185)
    android.os.MessageQueue.nativePollOnce(Native Method)
    android.os.MessageQueue.next(MessageQueue.java:328)
    android.os.Looper.loop(Looper.java:164)
    android.app.ActivityThread.main(ActivityThread.java:5776)
    java.lang.reflect.Method.invoke(Native Method)
    com.android.internal.os.ZygoteInit$MethodAndArgsCaller.run(ZygoteInit.java:789)
    com.android.internal.os.ZygoteInit.main(ZygoteInit.java:679)
--------- Cause ---------

-------------------------------

java.lang.NullPointerException: Attempt to invoke interface method 'java.lang.String java.lang.CharSequence.toString()' on a null object reference

11-09-2017 06:28:56.559--------- Stack Trace ---------

    research.sg.edu.edapp.kb.SwipeDetection.getkeylabel(SwipeDetection.java:613)
    research.sg.edu.edapp.kb.SwipeDetection$1.onTouch(SwipeDetection.java:791)
    android.view.View.dispatchTouchEvent(View.java:9427)
    android.view.ViewGroup.dispatchTransformedTouchEvent(ViewGroup.java:2666)
    android.view.ViewGroup.dispatchTouchEvent(ViewGroup.java:2257)
    android.view.ViewGroup.dispatchTransformedTouchEvent(ViewGroup.java:2666)
    android.view.ViewGroup.dispatchTouchEvent(ViewGroup.java:2257)
    android.view.ViewGroup.dispatchTransformedTouchEvent(ViewGroup.java:2666)
    android.view.ViewGroup.dispatchTouchEvent(ViewGroup.java:2257)
    android.view.ViewGroup.dispatchTransformedTouchEvent(ViewGroup.java:2666)
    android.view.ViewGroup.dispatchTouchEvent(ViewGroup.java:2257)
    android.view.ViewGroup.dispatchTransformedTouchEvent(ViewGroup.java:2666)
    android.view.ViewGroup.dispatchTouchEvent(ViewGroup.java:2257)
    com.android.internal.policy.PhoneWindow$DecorView.superDispatchTouchEvent(PhoneWindow.java:2480)
    com.android.internal.policy.PhoneWindow.superDispatchTouchEvent(PhoneWindow.java:1775)
    android.app.Dialog.dispatchTouchEvent(Dialog.java:810)
    android.inputmethodservice.SoftInputWindow.dispatchTouchEvent(SoftInputWindow.java:93)
    com.android.internal.policy.PhoneWindow$DecorView.dispatchTouchEvent(PhoneWindow.java:2441)
    android.view.View.dispatchPointerEvent(View.java:9667)
    android.view.ViewRootImpl$ViewPostImeInputStage.processPointerEvent(ViewRootImpl.java:4761)
    android.view.ViewRootImpl$ViewPostImeInputStage.onProcess(ViewRootImpl.java:4619)
    android.view.ViewRootImpl$InputStage.deliver(ViewRootImpl.java:4106)
    android.view.ViewRootImpl$InputStage.onDeliverToNext(ViewRootImpl.java:4159)
    android.view.ViewRootImpl$InputStage.forward(ViewRootImpl.java:4125)
    android.view.ViewRootImpl$AsyncInputStage.forward(ViewRootImpl.java:4289)
    android.view.ViewRootImpl$InputStage.apply(ViewRootImpl.java:4133)
    android.view.ViewRootImpl$AsyncInputStage.apply(ViewRootImpl.java:4346)
    android.view.ViewRootImpl$InputStage.deliver(ViewRootImpl.java:4106)
    android.view.ViewRootImpl$InputStage.onDeliverToNext(ViewRootImpl.java:4159)
    android.view.ViewRootImpl$InputStage.forward(ViewRootImpl.java:4125)
    android.view.ViewRootImpl$InputStage.apply(ViewRootImpl.java:4133)
    android.view.ViewRootImpl$InputStage.deliver(ViewRootImpl.java:4106)
    android.view.ViewRootImpl.deliverInputEvent(ViewRootImpl.java:6589)
    android.view.ViewRootImpl.doProcessInputEvents(ViewRootImpl.java:6563)
    android.view.ViewRootImpl.enqueueInputEvent(ViewRootImpl.java:6495)
    android.view.ViewRootImpl$WindowInputEventReceiver.onInputEvent(ViewRootImpl.java:6761)
    android.view.InputEventReceiver.dispatchInputEvent(InputEventReceiver.java:185)
    android.os.MessageQueue.nativePollOnce(Native Method)
    android.os.MessageQueue.next(MessageQueue.java:328)
    android.os.Looper.loop(Looper.java:164)
    android.app.ActivityThread.main(ActivityThread.java:5776)
    java.lang.reflect.Method.invoke(Native Method)
    com.android.internal.os.ZygoteInit$MethodAndArgsCaller.run(ZygoteInit.java:789)
    com.android.internal.os.ZygoteInit.main(ZygoteInit.java:679)
--------- Cause ---------

-------------------------------

java.lang.NullPointerException: Attempt to invoke interface method 'java.lang.String java.lang.CharSequence.toString()' on a null object reference

11-09-2017 14:35:14.385--------- Stack Trace ---------

    research.sg.edu.edapp.kb.KbSwipeKeyboard.getkeylabel(KbSwipeKeyboard.java:623)
    research.sg.edu.edapp.kb.KbSwipeKeyboard$1.onTouch(KbSwipeKeyboard.java:806)
    android.view.View.dispatchTouchEvent(View.java:9427)
    android.view.ViewGroup.dispatchTransformedTouchEvent(ViewGroup.java:2666)
    android.view.ViewGroup.dispatchTouchEvent(ViewGroup.java:2257)
    android.view.ViewGroup.dispatchTransformedTouchEvent(ViewGroup.java:2666)
    android.view.ViewGroup.dispatchTouchEvent(ViewGroup.java:2257)
    android.view.ViewGroup.dispatchTransformedTouchEvent(ViewGroup.java:2666)
    android.view.ViewGroup.dispatchTouchEvent(ViewGroup.java:2257)
    android.view.ViewGroup.dispatchTransformedTouchEvent(ViewGroup.java:2666)
    android.view.ViewGroup.dispatchTouchEvent(ViewGroup.java:2257)
    android.view.ViewGroup.dispatchTransformedTouchEvent(ViewGroup.java:2666)
    android.view.ViewGroup.dispatchTouchEvent(ViewGroup.java:2257)
    com.android.internal.policy.PhoneWindow$DecorView.superDispatchTouchEvent(PhoneWindow.java:2480)
    com.android.internal.policy.PhoneWindow.superDispatchTouchEvent(PhoneWindow.java:1775)
    android.app.Dialog.dispatchTouchEvent(Dialog.java:810)
    android.inputmethodservice.SoftInputWindow.dispatchTouchEvent(SoftInputWindow.java:93)
    com.android.internal.policy.PhoneWindow$DecorView.dispatchTouchEvent(PhoneWindow.java:2441)
    android.view.View.dispatchPointerEvent(View.java:9667)
    android.view.ViewRootImpl$ViewPostImeInputStage.processPointerEvent(ViewRootImpl.java:4761)
    android.view.ViewRootImpl$ViewPostImeInputStage.onProcess(ViewRootImpl.java:4619)
    android.view.ViewRootImpl$InputStage.deliver(ViewRootImpl.java:4106)
    android.view.ViewRootImpl$InputStage.onDeliverToNext(ViewRootImpl.java:4159)
    android.view.ViewRootImpl$InputStage.forward(ViewRootImpl.java:4125)
    android.view.ViewRootImpl$AsyncInputStage.forward(ViewRootImpl.java:4289)
    android.view.ViewRootImpl$InputStage.apply(ViewRootImpl.java:4133)
    android.view.ViewRootImpl$AsyncInputStage.apply(ViewRootImpl.java:4346)
    android.view.ViewRootImpl$InputStage.deliver(ViewRootImpl.java:4106)
    android.view.ViewRootImpl$InputStage.onDeliverToNext(ViewRootImpl.java:4159)
    android.view.ViewRootImpl$InputStage.forward(ViewRootImpl.java:4125)
    android.view.ViewRootImpl$InputStage.apply(ViewRootImpl.java:4133)
    android.view.ViewRootImpl$InputStage.deliver(ViewRootImpl.java:4106)
    android.view.ViewRootImpl.deliverInputEvent(ViewRootImpl.java:6589)
    android.view.ViewRootImpl.doProcessInputEvents(ViewRootImpl.java:6563)
    android.view.ViewRootImpl.enqueueInputEvent(ViewRootImpl.java:6495)
    android.view.ViewRootImpl$WindowInputEventReceiver.onInputEvent(ViewRootImpl.java:6761)
    android.view.InputEventReceiver.dispatchInputEvent(InputEventReceiver.java:185)
    android.os.MessageQueue.nativePollOnce(Native Method)
    android.os.MessageQueue.next(MessageQueue.java:328)
    android.os.Looper.loop(Looper.java:164)
    android.app.ActivityThread.main(ActivityThread.java:5776)
    java.lang.reflect.Method.invoke(Native Method)
    com.android.internal.os.ZygoteInit$MethodAndArgsCaller.run(ZygoteInit.java:789)
    com.android.internal.os.ZygoteInit.main(ZygoteInit.java:679)
--------- Cause ---------

-------------------------------

java.lang.NullPointerException: Attempt to invoke interface method 'java.lang.String java.lang.CharSequence.toString()' on a null object reference

11-09-2017 14:46:29.470--------- Stack Trace ---------

    research.sg.edu.edapp.kb.KbSwipeKeyboard.getkeylabel(KbSwipeKeyboard.java:624)
    research.sg.edu.edapp.kb.KbSwipeKeyboard$1.onTouch(KbSwipeKeyboard.java:807)
    android.view.View.dispatchTouchEvent(View.java:9427)
    android.view.ViewGroup.dispatchTransformedTouchEvent(ViewGroup.java:2666)
    android.view.ViewGroup.dispatchTouchEvent(ViewGroup.java:2257)
    android.view.ViewGroup.dispatchTransformedTouchEvent(ViewGroup.java:2666)
    android.view.ViewGroup.dispatchTouchEvent(ViewGroup.java:2257)
    android.view.ViewGroup.dispatchTransformedTouchEvent(ViewGroup.java:2666)
    android.view.ViewGroup.dispatchTouchEvent(ViewGroup.java:2257)
    android.view.ViewGroup.dispatchTransformedTouchEvent(ViewGroup.java:2666)
    android.view.ViewGroup.dispatchTouchEvent(ViewGroup.java:2257)
    android.view.ViewGroup.dispatchTransformedTouchEvent(ViewGroup.java:2666)
    android.view.ViewGroup.dispatchTouchEvent(ViewGroup.java:2257)
    com.android.internal.policy.PhoneWindow$DecorView.superDispatchTouchEvent(PhoneWindow.java:2480)
    com.android.internal.policy.PhoneWindow.superDispatchTouchEvent(PhoneWindow.java:1775)
    android.app.Dialog.dispatchTouchEvent(Dialog.java:810)
    android.inputmethodservice.SoftInputWindow.dispatchTouchEvent(SoftInputWindow.java:93)
    com.android.internal.policy.PhoneWindow$DecorView.dispatchTouchEvent(PhoneWindow.java:2441)
    android.view.View.dispatchPointerEvent(View.java:9667)
    android.view.ViewRootImpl$ViewPostImeInputStage.processPointerEvent(ViewRootImpl.java:4761)
    android.view.ViewRootImpl$ViewPostImeInputStage.onProcess(ViewRootImpl.java:4619)
    android.view.ViewRootImpl$InputStage.deliver(ViewRootImpl.java:4106)
    android.view.ViewRootImpl$InputStage.onDeliverToNext(ViewRootImpl.java:4159)
    android.view.ViewRootImpl$InputStage.forward(ViewRootImpl.java:4125)
    android.view.ViewRootImpl$AsyncInputStage.forward(ViewRootImpl.java:4289)
    android.view.ViewRootImpl$InputStage.apply(ViewRootImpl.java:4133)
    android.view.ViewRootImpl$AsyncInputStage.apply(ViewRootImpl.java:4346)
    android.view.ViewRootImpl$InputStage.deliver(ViewRootImpl.java:4106)
    android.view.ViewRootImpl$InputStage.onDeliverToNext(ViewRootImpl.java:4159)
    android.view.ViewRootImpl$InputStage.forward(ViewRootImpl.java:4125)
    android.view.ViewRootImpl$InputStage.apply(ViewRootImpl.java:4133)
    android.view.ViewRootImpl$InputStage.deliver(ViewRootImpl.java:4106)
    android.view.ViewRootImpl.deliverInputEvent(ViewRootImpl.java:6589)
    android.view.ViewRootImpl.doProcessInputEvents(ViewRootImpl.java:6563)
    android.view.ViewRootImpl.enqueueInputEvent(ViewRootImpl.java:6495)
    android.view.ViewRootImpl$WindowInputEventReceiver.onInputEvent(ViewRootImpl.java:6761)
    android.view.InputEventReceiver.dispatchInputEvent(InputEventReceiver.java:185)
    android.os.MessageQueue.nativePollOnce(Native Method)
    android.os.MessageQueue.next(MessageQueue.java:328)
    android.os.Looper.loop(Looper.java:164)
    android.app.ActivityThread.main(ActivityThread.java:5776)
    java.lang.reflect.Method.invoke(Native Method)
    com.android.internal.os.ZygoteInit$MethodAndArgsCaller.run(ZygoteInit.java:789)
    com.android.internal.os.ZygoteInit.main(ZygoteInit.java:679)
--------- Cause ---------

-------------------------------

java.lang.NullPointerException: Attempt to invoke interface method 'java.lang.String java.lang.CharSequence.toString()' on a null object reference

11-09-2017 15:20:11.298--------- Stack Trace ---------

    research.sg.edu.edapp.kb.KbSwipeKeyboard.getkeylabel(KbSwipeKeyboard.java:624)
    research.sg.edu.edapp.kb.KbSwipeKeyboard$1.onTouch(KbSwipeKeyboard.java:807)
    android.view.View.dispatchTouchEvent(View.java:9427)
    android.view.ViewGroup.dispatchTransformedTouchEvent(ViewGroup.java:2666)
    android.view.ViewGroup.dispatchTouchEvent(ViewGroup.java:2257)
    android.view.ViewGroup.dispatchTransformedTouchEvent(ViewGroup.java:2666)
    android.view.ViewGroup.dispatchTouchEvent(ViewGroup.java:2257)
    android.view.ViewGroup.dispatchTransformedTouchEvent(ViewGroup.java:2666)
    android.view.ViewGroup.dispatchTouchEvent(ViewGroup.java:2257)
    android.view.ViewGroup.dispatchTransformedTouchEvent(ViewGroup.java:2666)
    android.view.ViewGroup.dispatchTouchEvent(ViewGroup.java:2257)
    android.view.ViewGroup.dispatchTransformedTouchEvent(ViewGroup.java:2666)
    android.view.ViewGroup.dispatchTouchEvent(ViewGroup.java:2257)
    com.android.internal.policy.PhoneWindow$DecorView.superDispatchTouchEvent(PhoneWindow.java:2480)
    com.android.internal.policy.PhoneWindow.superDispatchTouchEvent(PhoneWindow.java:1775)
    android.app.Dialog.dispatchTouchEvent(Dialog.java:810)
    android.inputmethodservice.SoftInputWindow.dispatchTouchEvent(SoftInputWindow.java:93)
    com.android.internal.policy.PhoneWindow$DecorView.dispatchTouchEvent(PhoneWindow.java:2441)
    android.view.View.dispatchPointerEvent(View.java:9667)
    android.view.ViewRootImpl$ViewPostImeInputStage.processPointerEvent(ViewRootImpl.java:4761)
    android.view.ViewRootImpl$ViewPostImeInputStage.onProcess(ViewRootImpl.java:4619)
    android.view.ViewRootImpl$InputStage.deliver(ViewRootImpl.java:4106)
    android.view.ViewRootImpl$InputStage.onDeliverToNext(ViewRootImpl.java:4159)
    android.view.ViewRootImpl$InputStage.forward(ViewRootImpl.java:4125)
    android.view.ViewRootImpl$AsyncInputStage.forward(ViewRootImpl.java:4289)
    android.view.ViewRootImpl$InputStage.apply(ViewRootImpl.java:4133)
    android.view.ViewRootImpl$AsyncInputStage.apply(ViewRootImpl.java:4346)
    android.view.ViewRootImpl$InputStage.deliver(ViewRootImpl.java:4106)
    android.view.ViewRootImpl$InputStage.onDeliverToNext(ViewRootImpl.java:4159)
    android.view.ViewRootImpl$InputStage.forward(ViewRootImpl.java:4125)
    android.view.ViewRootImpl$InputStage.apply(ViewRootImpl.java:4133)
    android.view.ViewRootImpl$InputStage.deliver(ViewRootImpl.java:4106)
    android.view.ViewRootImpl.deliverInputEvent(ViewRootImpl.java:6589)
    android.view.ViewRootImpl.doProcessInputEvents(ViewRootImpl.java:6563)
    android.view.ViewRootImpl.enqueueInputEvent(ViewRootImpl.java:6495)
    android.view.ViewRootImpl$WindowInputEventReceiver.onInputEvent(ViewRootImpl.java:6761)
    android.view.InputEventReceiver.dispatchInputEvent(InputEventReceiver.java:185)
    android.os.MessageQueue.nativePollOnce(Native Method)
    android.os.MessageQueue.next(MessageQueue.java:328)
    android.os.Looper.loop(Looper.java:164)
    android.app.ActivityThread.main(ActivityThread.java:5776)
    java.lang.reflect.Method.invoke(Native Method)
    com.android.internal.os.ZygoteInit$MethodAndArgsCaller.run(ZygoteInit.java:789)
    com.android.internal.os.ZygoteInit.main(ZygoteInit.java:679)
--------- Cause ---------

-------------------------------

java.lang.NullPointerException: Attempt to invoke interface method 'java.lang.String java.lang.CharSequence.toString()' on a null object reference

11-09-2017 15:21:23.074--------- Stack Trace ---------

    research.sg.edu.edapp.kb.KbSwipeKeyboard.getkeylabel(KbSwipeKeyboard.java:624)
    research.sg.edu.edapp.kb.KbSwipeKeyboard$1.onTouch(KbSwipeKeyboard.java:807)
    android.view.View.dispatchTouchEvent(View.java:9427)
    android.view.ViewGroup.dispatchTransformedTouchEvent(ViewGroup.java:2666)
    android.view.ViewGroup.dispatchTouchEvent(ViewGroup.java:2257)
    android.view.ViewGroup.dispatchTransformedTouchEvent(ViewGroup.java:2666)
    android.view.ViewGroup.dispatchTouchEvent(ViewGroup.java:2257)
    android.view.ViewGroup.dispatchTransformedTouchEvent(ViewGroup.java:2666)
    android.view.ViewGroup.dispatchTouchEvent(ViewGroup.java:2257)
    android.view.ViewGroup.dispatchTransformedTouchEvent(ViewGroup.java:2666)
    android.view.ViewGroup.dispatchTouchEvent(ViewGroup.java:2257)
    android.view.ViewGroup.dispatchTransformedTouchEvent(ViewGroup.java:2666)
    android.view.ViewGroup.dispatchTouchEvent(ViewGroup.java:2257)
    com.android.internal.policy.PhoneWindow$DecorView.superDispatchTouchEvent(PhoneWindow.java:2480)
    com.android.internal.policy.PhoneWindow.superDispatchTouchEvent(PhoneWindow.java:1775)
    android.app.Dialog.dispatchTouchEvent(Dialog.java:810)
    android.inputmethodservice.SoftInputWindow.dispatchTouchEvent(SoftInputWindow.java:93)
    com.android.internal.policy.PhoneWindow$DecorView.dispatchTouchEvent(PhoneWindow.java:2441)
    android.view.View.dispatchPointerEvent(View.java:9667)
    android.view.ViewRootImpl$ViewPostImeInputStage.processPointerEvent(ViewRootImpl.java:4761)
    android.view.ViewRootImpl$ViewPostImeInputStage.onProcess(ViewRootImpl.java:4619)
    android.view.ViewRootImpl$InputStage.deliver(ViewRootImpl.java:4106)
    android.view.ViewRootImpl$InputStage.onDeliverToNext(ViewRootImpl.java:4159)
    android.view.ViewRootImpl$InputStage.forward(ViewRootImpl.java:4125)
    android.view.ViewRootImpl$AsyncInputStage.forward(ViewRootImpl.java:4289)
    android.view.ViewRootImpl$InputStage.apply(ViewRootImpl.java:4133)
    android.view.ViewRootImpl$AsyncInputStage.apply(ViewRootImpl.java:4346)
    android.view.ViewRootImpl$InputStage.deliver(ViewRootImpl.java:4106)
    android.view.ViewRootImpl$InputStage.onDeliverToNext(ViewRootImpl.java:4159)
    android.view.ViewRootImpl$InputStage.forward(ViewRootImpl.java:4125)
    android.view.ViewRootImpl$InputStage.apply(ViewRootImpl.java:4133)
    android.view.ViewRootImpl$InputStage.deliver(ViewRootImpl.java:4106)
    android.view.ViewRootImpl.deliverInputEvent(ViewRootImpl.java:6589)
    android.view.ViewRootImpl.doProcessInputEvents(ViewRootImpl.java:6563)
    android.view.ViewRootImpl.enqueueInputEvent(ViewRootImpl.java:6495)
    android.view.ViewRootImpl$WindowInputEventReceiver.onInputEvent(ViewRootImpl.java:6761)
    android.view.InputEventReceiver.dispatchInputEvent(InputEventReceiver.java:185)
    android.os.MessageQueue.nativePollOnce(Native Method)
    android.os.MessageQueue.next(MessageQueue.java:328)
    android.os.Looper.loop(Looper.java:164)
    android.app.ActivityThread.main(ActivityThread.java:5776)
    java.lang.reflect.Method.invoke(Native Method)
    com.android.internal.os.ZygoteInit$MethodAndArgsCaller.run(ZygoteInit.java:789)
    com.android.internal.os.ZygoteInit.main(ZygoteInit.java:679)
--------- Cause ---------

-------------------------------

java.lang.NullPointerException: Attempt to invoke virtual method 'void research.sg.edu.edapp.kb.KbSwipeKeyboard.pickSuggestionManually(int)' on a null object reference

11-09-2017 15:23:46.444--------- Stack Trace ---------

    research.sg.edu.edapp.kb.KbCandidateView.onTouchEvent(KbCandidateView.java:302)
    android.view.View.dispatchTouchEvent(View.java:9436)
    android.view.ViewGroup.dispatchTransformedTouchEvent(ViewGroup.java:2666)
    android.view.ViewGroup.dispatchTouchEvent(ViewGroup.java:2318)
    android.view.ViewGroup.dispatchTransformedTouchEvent(ViewGroup.java:2666)
    android.view.ViewGroup.dispatchTouchEvent(ViewGroup.java:2318)
    android.view.ViewGroup.dispatchTransformedTouchEvent(ViewGroup.java:2666)
    android.view.ViewGroup.dispatchTouchEvent(ViewGroup.java:2318)
    android.view.ViewGroup.dispatchTransformedTouchEvent(ViewGroup.java:2666)
    android.view.ViewGroup.dispatchTouchEvent(ViewGroup.java:2318)
    android.view.ViewGroup.dispatchTransformedTouchEvent(ViewGroup.java:2666)
    android.view.ViewGroup.dispatchTouchEvent(ViewGroup.java:2318)
    android.view.ViewGroup.dispatchTransformedTouchEvent(ViewGroup.java:2666)
    android.view.ViewGroup.dispatchTouchEvent(ViewGroup.java:2318)
    com.android.internal.policy.PhoneWindow$DecorView.superDispatchTouchEvent(PhoneWindow.java:2480)
    com.android.internal.policy.PhoneWindow.superDispatchTouchEvent(PhoneWindow.java:1775)
    android.app.Dialog.dispatchTouchEvent(Dialog.java:810)
    android.inputmethodservice.SoftInputWindow.dispatchTouchEvent(SoftInputWindow.java:93)
    com.android.internal.policy.PhoneWindow$DecorView.dispatchTouchEvent(PhoneWindow.java:2441)
    android.view.View.dispatchPointerEvent(View.java:9667)
    android.view.ViewRootImpl$ViewPostImeInputStage.processPointerEvent(ViewRootImpl.java:4761)
    android.view.ViewRootImpl$ViewPostImeInputStage.onProcess(ViewRootImpl.java:4619)
    android.view.ViewRootImpl$InputStage.deliver(ViewRootImpl.java:4106)
    android.view.ViewRootImpl$InputStage.onDeliverToNext(ViewRootImpl.java:4159)
    android.view.ViewRootImpl$InputStage.forward(ViewRootImpl.java:4125)
    android.view.ViewRootImpl$AsyncInputStage.forward(ViewRootImpl.java:4289)
    android.view.ViewRootImpl$InputStage.apply(ViewRootImpl.java:4133)
    android.view.ViewRootImpl$AsyncInputStage.apply(ViewRootImpl.java:4346)
    android.view.ViewRootImpl$InputStage.deliver(ViewRootImpl.java:4106)
    android.view.ViewRootImpl$InputStage.onDeliverToNext(ViewRootImpl.java:4159)
    android.view.ViewRootImpl$InputStage.forward(ViewRootImpl.java:4125)
    android.view.ViewRootImpl$InputStage.apply(ViewRootImpl.java:4133)
    android.view.ViewRootImpl$InputStage.deliver(ViewRootImpl.java:4106)
    android.view.ViewRootImpl.deliverInputEvent(ViewRootImpl.java:6589)
    android.view.ViewRootImpl.doProcessInputEvents(ViewRootImpl.java:6563)
    android.view.ViewRootImpl.enqueueInputEvent(ViewRootImpl.java:6495)
    android.view.ViewRootImpl$WindowInputEventReceiver.onInputEvent(ViewRootImpl.java:6761)
    android.view.InputEventReceiver.dispatchInputEvent(InputEventReceiver.java:185)
    android.os.MessageQueue.nativePollOnce(Native Method)
    android.os.MessageQueue.next(MessageQueue.java:328)
    android.os.Looper.loop(Looper.java:164)
    android.app.ActivityThread.main(ActivityThread.java:5776)
    java.lang.reflect.Method.invoke(Native Method)
    com.android.internal.os.ZygoteInit$MethodAndArgsCaller.run(ZygoteInit.java:789)
    com.android.internal.os.ZygoteInit.main(ZygoteInit.java:679)
--------- Cause ---------

-------------------------------

java.lang.NullPointerException: Attempt to invoke virtual method 'void research.sg.edu.edapp.kb.KbSwipeKeyboard.pickSuggestionManually(int)' on a null object reference

11-09-2017 16:55:50.201--------- Stack Trace ---------

    research.sg.edu.edapp.kb.KbCandidateView.onTouchEvent(KbCandidateView.java:303)
    android.view.View.dispatchTouchEvent(View.java:9436)
    android.view.ViewGroup.dispatchTransformedTouchEvent(ViewGroup.java:2666)
    android.view.ViewGroup.dispatchTouchEvent(ViewGroup.java:2318)
    android.view.ViewGroup.dispatchTransformedTouchEvent(ViewGroup.java:2666)
    android.view.ViewGroup.dispatchTouchEvent(ViewGroup.java:2318)
    android.view.ViewGroup.dispatchTransformedTouchEvent(ViewGroup.java:2666)
    android.view.ViewGroup.dispatchTouchEvent(ViewGroup.java:2318)
    android.view.ViewGroup.dispatchTransformedTouchEvent(ViewGroup.java:2666)
    android.view.ViewGroup.dispatchTouchEvent(ViewGroup.java:2318)
    android.view.ViewGroup.dispatchTransformedTouchEvent(ViewGroup.java:2666)
    android.view.ViewGroup.dispatchTouchEvent(ViewGroup.java:2318)
    android.view.ViewGroup.dispatchTransformedTouchEvent(ViewGroup.java:2666)
    android.view.ViewGroup.dispatchTouchEvent(ViewGroup.java:2318)
    com.android.internal.policy.PhoneWindow$DecorView.superDispatchTouchEvent(PhoneWindow.java:2480)
    com.android.internal.policy.PhoneWindow.superDispatchTouchEvent(PhoneWindow.java:1775)
    android.app.Dialog.dispatchTouchEvent(Dialog.java:810)
    android.inputmethodservice.SoftInputWindow.dispatchTouchEvent(SoftInputWindow.java:93)
    com.android.internal.policy.PhoneWindow$DecorView.dispatchTouchEvent(PhoneWindow.java:2441)
    android.view.View.dispatchPointerEvent(View.java:9667)
    android.view.ViewRootImpl$ViewPostImeInputStage.processPointerEvent(ViewRootImpl.java:4761)
    android.view.ViewRootImpl$ViewPostImeInputStage.onProcess(ViewRootImpl.java:4619)
    android.view.ViewRootImpl$InputStage.deliver(ViewRootImpl.java:4106)
    android.view.ViewRootImpl$InputStage.onDeliverToNext(ViewRootImpl.java:4159)
    android.view.ViewRootImpl$InputStage.forward(ViewRootImpl.java:4125)
    android.view.ViewRootImpl$AsyncInputStage.forward(ViewRootImpl.java:4289)
    android.view.ViewRootImpl$InputStage.apply(ViewRootImpl.java:4133)
    android.view.ViewRootImpl$AsyncInputStage.apply(ViewRootImpl.java:4346)
    android.view.ViewRootImpl$InputStage.deliver(ViewRootImpl.java:4106)
    android.view.ViewRootImpl$InputStage.onDeliverToNext(ViewRootImpl.java:4159)
    android.view.ViewRootImpl$InputStage.forward(ViewRootImpl.java:4125)
    android.view.ViewRootImpl$InputStage.apply(ViewRootImpl.java:4133)
    android.view.ViewRootImpl$InputStage.deliver(ViewRootImpl.java:4106)
    android.view.ViewRootImpl.deliverInputEvent(ViewRootImpl.java:6589)
    android.view.ViewRootImpl.doProcessInputEvents(ViewRootImpl.java:6563)
    android.view.ViewRootImpl.enqueueInputEvent(ViewRootImpl.java:6495)
    android.view.ViewRootImpl$WindowInputEventReceiver.onInputEvent(ViewRootImpl.java:6761)
    android.view.InputEventReceiver.dispatchInputEvent(InputEventReceiver.java:185)
    android.os.MessageQueue.nativePollOnce(Native Method)
    android.os.MessageQueue.next(MessageQueue.java:328)
    android.os.Looper.loop(Looper.java:164)
    android.app.ActivityThread.main(ActivityThread.java:5776)
    java.lang.reflect.Method.invoke(Native Method)
    com.android.internal.os.ZygoteInit$MethodAndArgsCaller.run(ZygoteInit.java:789)
    com.android.internal.os.ZygoteInit.main(ZygoteInit.java:679)
--------- Cause ---------

-------------------------------

java.lang.NullPointerException: Attempt to invoke virtual method 'void research.sg.edu.edapp.kb.KbSwipeKeyboard.pickSuggestionManually(int)' on a null object reference

11-09-2017 16:57:53.218--------- Stack Trace ---------

    research.sg.edu.edapp.kb.KbCandidateView.onTouchEvent(KbCandidateView.java:303)
    android.view.View.dispatchTouchEvent(View.java:9436)
    android.view.ViewGroup.dispatchTransformedTouchEvent(ViewGroup.java:2666)
    android.view.ViewGroup.dispatchTouchEvent(ViewGroup.java:2318)
    android.view.ViewGroup.dispatchTransformedTouchEvent(ViewGroup.java:2666)
    android.view.ViewGroup.dispatchTouchEvent(ViewGroup.java:2318)
    android.view.ViewGroup.dispatchTransformedTouchEvent(ViewGroup.java:2666)
    android.view.ViewGroup.dispatchTouchEvent(ViewGroup.java:2318)
    android.view.ViewGroup.dispatchTransformedTouchEvent(ViewGroup.java:2666)
    android.view.ViewGroup.dispatchTouchEvent(ViewGroup.java:2318)
    android.view.ViewGroup.dispatchTransformedTouchEvent(ViewGroup.java:2666)
    android.view.ViewGroup.dispatchTouchEvent(ViewGroup.java:2318)
    android.view.ViewGroup.dispatchTransformedTouchEvent(ViewGroup.java:2666)
    android.view.ViewGroup.dispatchTouchEvent(ViewGroup.java:2318)
    com.android.internal.policy.PhoneWindow$DecorView.superDispatchTouchEvent(PhoneWindow.java:2480)
    com.android.internal.policy.PhoneWindow.superDispatchTouchEvent(PhoneWindow.java:1775)
    android.app.Dialog.dispatchTouchEvent(Dialog.java:810)
    android.inputmethodservice.SoftInputWindow.dispatchTouchEvent(SoftInputWindow.java:93)
    com.android.internal.policy.PhoneWindow$DecorView.dispatchTouchEvent(PhoneWindow.java:2441)
    android.view.View.dispatchPointerEvent(View.java:9667)
    android.view.ViewRootImpl$ViewPostImeInputStage.processPointerEvent(ViewRootImpl.java:4761)
    android.view.ViewRootImpl$ViewPostImeInputStage.onProcess(ViewRootImpl.java:4619)
    android.view.ViewRootImpl$InputStage.deliver(ViewRootImpl.java:4106)
    android.view.ViewRootImpl$InputStage.onDeliverToNext(ViewRootImpl.java:4159)
    android.view.ViewRootImpl$InputStage.forward(ViewRootImpl.java:4125)
    android.view.ViewRootImpl$AsyncInputStage.forward(ViewRootImpl.java:4289)
    android.view.ViewRootImpl$InputStage.apply(ViewRootImpl.java:4133)
    android.view.ViewRootImpl$AsyncInputStage.apply(ViewRootImpl.java:4346)
    android.view.ViewRootImpl$InputStage.deliver(ViewRootImpl.java:4106)
    android.view.ViewRootImpl$InputStage.onDeliverToNext(ViewRootImpl.java:4159)
    android.view.ViewRootImpl$InputStage.forward(ViewRootImpl.java:4125)
    android.view.ViewRootImpl$InputStage.apply(ViewRootImpl.java:4133)
    android.view.ViewRootImpl$InputStage.deliver(ViewRootImpl.java:4106)
    android.view.ViewRootImpl.deliverInputEvent(ViewRootImpl.java:6589)
    android.view.ViewRootImpl.doProcessInputEvents(ViewRootImpl.java:6563)
    android.view.ViewRootImpl.enqueueInputEvent(ViewRootImpl.java:6495)
    android.view.ViewRootImpl$WindowInputEventReceiver.onInputEvent(ViewRootImpl.java:6761)
    android.view.InputEventReceiver.dispatchInputEvent(InputEventReceiver.java:185)
    android.os.MessageQueue.nativePollOnce(Native Method)
    android.os.MessageQueue.next(MessageQueue.java:328)
    android.os.Looper.loop(Looper.java:164)
    android.app.ActivityThread.main(ActivityThread.java:5776)
    java.lang.reflect.Method.invoke(Native Method)
    com.android.internal.os.ZygoteInit$MethodAndArgsCaller.run(ZygoteInit.java:789)
    com.android.internal.os.ZygoteInit.main(ZygoteInit.java:679)
--------- Cause ---------

-------------------------------

java.lang.NullPointerException: Attempt to write to null array

11-09-2017 17:56:00.959--------- Stack Trace ---------

    research.sg.edu.edapp.kb.KbSwipeKeyboard.setSuggestions(KbSwipeKeyboard.java:1242)
    research.sg.edu.edapp.kb.KbSwipeKeyboard.strings_matched(KbSwipeKeyboard.java:1021)
    research.sg.edu.edapp.kb.KbSwipeKeyboard.onKey(KbSwipeKeyboard.java:1143)
    android.inputmethodservice.KeyboardView.detectAndSendKey(KeyboardView.java:828)
    android.inputmethodservice.KeyboardView.onModifiedTouchEvent(KeyboardView.java:1351)
    android.inputmethodservice.KeyboardView.onTouchEvent(KeyboardView.java:1214)
    android.view.View.dispatchTouchEvent(View.java:9436)
    android.view.ViewGroup.dispatchTransformedTouchEvent(ViewGroup.java:2666)
    android.view.ViewGroup.dispatchTouchEvent(ViewGroup.java:2318)
    android.view.ViewGroup.dispatchTransformedTouchEvent(ViewGroup.java:2666)
    android.view.ViewGroup.dispatchTouchEvent(ViewGroup.java:2318)
    android.view.ViewGroup.dispatchTransformedTouchEvent(ViewGroup.java:2666)
    android.view.ViewGroup.dispatchTouchEvent(ViewGroup.java:2318)
    android.view.ViewGroup.dispatchTransformedTouchEvent(ViewGroup.java:2666)
    android.view.ViewGroup.dispatchTouchEvent(ViewGroup.java:2318)
    android.view.ViewGroup.dispatchTransformedTouchEvent(ViewGroup.java:2666)
    android.view.ViewGroup.dispatchTouchEvent(ViewGroup.java:2318)
    com.android.internal.policy.PhoneWindow$DecorView.superDispatchTouchEvent(PhoneWindow.java:2480)
    com.android.internal.policy.PhoneWindow.superDispatchTouchEvent(PhoneWindow.java:1775)
    android.app.Dialog.dispatchTouchEvent(Dialog.java:810)
    android.inputmethodservice.SoftInputWindow.dispatchTouchEvent(SoftInputWindow.java:93)
    com.android.internal.policy.PhoneWindow$DecorView.dispatchTouchEvent(PhoneWindow.java:2441)
    android.view.View.dispatchPointerEvent(View.java:9667)
    android.view.ViewRootImpl$ViewPostImeInputStage.processPointerEvent(ViewRootImpl.java:4761)
    android.view.ViewRootImpl$ViewPostImeInputStage.onProcess(ViewRootImpl.java:4619)
    android.view.ViewRootImpl$InputStage.deliver(ViewRootImpl.java:4106)
    android.view.ViewRootImpl$InputStage.onDeliverToNext(ViewRootImpl.java:4159)
    android.view.ViewRootImpl$InputStage.forward(ViewRootImpl.java:4125)
    android.view.ViewRootImpl$AsyncInputStage.forward(ViewRootImpl.java:4289)
    android.view.ViewRootImpl$InputStage.apply(ViewRootImpl.java:4133)
    android.view.ViewRootImpl$AsyncInputStage.apply(ViewRootImpl.java:4346)
    android.view.ViewRootImpl$InputStage.deliver(ViewRootImpl.java:4106)
    android.view.ViewRootImpl$InputStage.onDeliverToNext(ViewRootImpl.java:4159)
    android.view.ViewRootImpl$InputStage.forward(ViewRootImpl.java:4125)
    android.view.ViewRootImpl$InputStage.apply(ViewRootImpl.java:4133)
    android.view.ViewRootImpl$InputStage.deliver(ViewRootImpl.java:4106)
    android.view.ViewRootImpl.deliverInputEvent(ViewRootImpl.java:6589)
    android.view.ViewRootImpl.doProcessInputEvents(ViewRootImpl.java:6563)
    android.view.ViewRootImpl.enqueueInputEvent(ViewRootImpl.java:6495)
    android.view.ViewRootImpl$WindowInputEventReceiver.onInputEvent(ViewRootImpl.java:6761)
    android.view.InputEventReceiver.dispatchInputEvent(InputEventReceiver.java:185)
    android.os.MessageQueue.nativePollOnce(Native Method)
    android.os.MessageQueue.next(MessageQueue.java:328)
    android.os.Looper.loop(Looper.java:164)
    android.app.ActivityThread.main(ActivityThread.java:5776)
    java.lang.reflect.Method.invoke(Native Method)
    com.android.internal.os.ZygoteInit$MethodAndArgsCaller.run(ZygoteInit.java:789)
    com.android.internal.os.ZygoteInit.main(ZygoteInit.java:679)
--------- Cause ---------

-------------------------------

java.lang.NullPointerException: Attempt to invoke interface method 'java.lang.String java.lang.CharSequence.toString()' on a null object reference

11-09-2017 18:25:45.750--------- Stack Trace ---------

    research.sg.edu.edapp.kb.KbSwipeKeyboard.getkeylabel(KbSwipeKeyboard.java:619)
    research.sg.edu.edapp.kb.KbSwipeKeyboard$1.onTouch(KbSwipeKeyboard.java:802)
    android.view.View.dispatchTouchEvent(View.java:9427)
    android.view.ViewGroup.dispatchTransformedTouchEvent(ViewGroup.java:2666)
    android.view.ViewGroup.dispatchTouchEvent(ViewGroup.java:2257)
    android.view.ViewGroup.dispatchTransformedTouchEvent(ViewGroup.java:2666)
    android.view.ViewGroup.dispatchTouchEvent(ViewGroup.java:2257)
    android.view.ViewGroup.dispatchTransformedTouchEvent(ViewGroup.java:2666)
    android.view.ViewGroup.dispatchTouchEvent(ViewGroup.java:2257)
    android.view.ViewGroup.dispatchTransformedTouchEvent(ViewGroup.java:2666)
    android.view.ViewGroup.dispatchTouchEvent(ViewGroup.java:2257)
    android.view.ViewGroup.dispatchTransformedTouchEvent(ViewGroup.java:2666)
    android.view.ViewGroup.dispatchTouchEvent(ViewGroup.java:2257)
    com.android.internal.policy.PhoneWindow$DecorView.superDispatchTouchEvent(PhoneWindow.java:2480)
    com.android.internal.policy.PhoneWindow.superDispatchTouchEvent(PhoneWindow.java:1775)
    android.app.Dialog.dispatchTouchEvent(Dialog.java:810)
    android.inputmethodservice.SoftInputWindow.dispatchTouchEvent(SoftInputWindow.java:93)
    com.android.internal.policy.PhoneWindow$DecorView.dispatchTouchEvent(PhoneWindow.java:2441)
    android.view.View.dispatchPointerEvent(View.java:9667)
    android.view.ViewRootImpl$ViewPostImeInputStage.processPointerEvent(ViewRootImpl.java:4761)
    android.view.ViewRootImpl$ViewPostImeInputStage.onProcess(ViewRootImpl.java:4619)
    android.view.ViewRootImpl$InputStage.deliver(ViewRootImpl.java:4106)
    android.view.ViewRootImpl$InputStage.onDeliverToNext(ViewRootImpl.java:4159)
    android.view.ViewRootImpl$InputStage.forward(ViewRootImpl.java:4125)
    android.view.ViewRootImpl$AsyncInputStage.forward(ViewRootImpl.java:4289)
    android.view.ViewRootImpl$InputStage.apply(ViewRootImpl.java:4133)
    android.view.ViewRootImpl$AsyncInputStage.apply(ViewRootImpl.java:4346)
    android.view.ViewRootImpl$InputStage.deliver(ViewRootImpl.java:4106)
    android.view.ViewRootImpl$InputStage.onDeliverToNext(ViewRootImpl.java:4159)
    android.view.ViewRootImpl$InputStage.forward(ViewRootImpl.java:4125)
    android.view.ViewRootImpl$InputStage.apply(ViewRootImpl.java:4133)
    android.view.ViewRootImpl$InputStage.deliver(ViewRootImpl.java:4106)
    android.view.ViewRootImpl.deliverInputEvent(ViewRootImpl.java:6589)
    android.view.ViewRootImpl.doProcessInputEvents(ViewRootImpl.java:6563)
    android.view.ViewRootImpl.enqueueInputEvent(ViewRootImpl.java:6495)
    android.view.ViewRootImpl$WindowInputEventReceiver.onInputEvent(ViewRootImpl.java:6761)
    android.view.InputEventReceiver.dispatchInputEvent(InputEventReceiver.java:185)
    android.os.MessageQueue.nativePollOnce(Native Method)
    android.os.MessageQueue.next(MessageQueue.java:328)
    android.os.Looper.loop(Looper.java:164)
    android.app.ActivityThread.main(ActivityThread.java:5776)
    java.lang.reflect.Method.invoke(Native Method)
    com.android.internal.os.ZygoteInit$MethodAndArgsCaller.run(ZygoteInit.java:789)
    com.android.internal.os.ZygoteInit.main(ZygoteInit.java:679)
--------- Cause ---------

-------------------------------

java.lang.NullPointerException: Attempt to invoke interface method 'java.lang.String java.lang.CharSequence.toString()' on a null object reference

11-09-2017 18:28:32.639--------- Stack Trace ---------

    research.sg.edu.edapp.kb.KbSwipeKeyboard.getkeylabel(KbSwipeKeyboard.java:622)
    research.sg.edu.edapp.kb.KbSwipeKeyboard$1.onTouch(KbSwipeKeyboard.java:805)
    android.view.View.dispatchTouchEvent(View.java:9427)
    android.view.ViewGroup.dispatchTransformedTouchEvent(ViewGroup.java:2666)
    android.view.ViewGroup.dispatchTouchEvent(ViewGroup.java:2257)
    android.view.ViewGroup.dispatchTransformedTouchEvent(ViewGroup.java:2666)
    android.view.ViewGroup.dispatchTouchEvent(ViewGroup.java:2257)
    android.view.ViewGroup.dispatchTransformedTouchEvent(ViewGroup.java:2666)
    android.view.ViewGroup.dispatchTouchEvent(ViewGroup.java:2257)
    android.view.ViewGroup.dispatchTransformedTouchEvent(ViewGroup.java:2666)
    android.view.ViewGroup.dispatchTouchEvent(ViewGroup.java:2257)
    android.view.ViewGroup.dispatchTransformedTouchEvent(ViewGroup.java:2666)
    android.view.ViewGroup.dispatchTouchEvent(ViewGroup.java:2257)
    com.android.internal.policy.PhoneWindow$DecorView.superDispatchTouchEvent(PhoneWindow.java:2480)
    com.android.internal.policy.PhoneWindow.superDispatchTouchEvent(PhoneWindow.java:1775)
    android.app.Dialog.dispatchTouchEvent(Dialog.java:810)
    android.inputmethodservice.SoftInputWindow.dispatchTouchEvent(SoftInputWindow.java:93)
    com.android.internal.policy.PhoneWindow$DecorView.dispatchTouchEvent(PhoneWindow.java:2441)
    android.view.View.dispatchPointerEvent(View.java:9667)
    android.view.ViewRootImpl$ViewPostImeInputStage.processPointerEvent(ViewRootImpl.java:4761)
    android.view.ViewRootImpl$ViewPostImeInputStage.onProcess(ViewRootImpl.java:4619)
    android.view.ViewRootImpl$InputStage.deliver(ViewRootImpl.java:4106)
    android.view.ViewRootImpl$InputStage.onDeliverToNext(ViewRootImpl.java:4159)
    android.view.ViewRootImpl$InputStage.forward(ViewRootImpl.java:4125)
    android.view.ViewRootImpl$AsyncInputStage.forward(ViewRootImpl.java:4289)
    android.view.ViewRootImpl$InputStage.apply(ViewRootImpl.java:4133)
    android.view.ViewRootImpl$AsyncInputStage.apply(ViewRootImpl.java:4346)
    android.view.ViewRootImpl$InputStage.deliver(ViewRootImpl.java:4106)
    android.view.ViewRootImpl$InputStage.onDeliverToNext(ViewRootImpl.java:4159)
    android.view.ViewRootImpl$InputStage.forward(ViewRootImpl.java:4125)
    android.view.ViewRootImpl$InputStage.apply(ViewRootImpl.java:4133)
    android.view.ViewRootImpl$InputStage.deliver(ViewRootImpl.java:4106)
    android.view.ViewRootImpl.deliverInputEvent(ViewRootImpl.java:6589)
    android.view.ViewRootImpl.doProcessInputEvents(ViewRootImpl.java:6563)
    android.view.ViewRootImpl.enqueueInputEvent(ViewRootImpl.java:6495)
    android.view.ViewRootImpl$WindowInputEventReceiver.onInputEvent(ViewRootImpl.java:6761)
    android.view.InputEventReceiver.dispatchInputEvent(InputEventReceiver.java:185)
    android.os.MessageQueue.nativePollOnce(Native Method)
    android.os.MessageQueue.next(MessageQueue.java:328)
    android.os.Looper.loop(Looper.java:164)
    android.app.ActivityThread.main(ActivityThread.java:5776)
    java.lang.reflect.Method.invoke(Native Method)
    com.android.internal.os.ZygoteInit$MethodAndArgsCaller.run(ZygoteInit.java:789)
    com.android.internal.os.ZygoteInit.main(ZygoteInit.java:679)
--------- Cause ---------

-------------------------------

java.lang.NullPointerException: Attempt to invoke interface method 'java.lang.String java.lang.CharSequence.toString()' on a null object reference

11-09-2017 18:46:37.675--------- Stack Trace ---------

    research.sg.edu.edapp.kb.KbSwipeKeyboard.getkeylabel(KbSwipeKeyboard.java:619)
    research.sg.edu.edapp.kb.KbSwipeKeyboard$1.onTouch(KbSwipeKeyboard.java:802)
    android.view.View.dispatchTouchEvent(View.java:9427)
    android.view.ViewGroup.dispatchTransformedTouchEvent(ViewGroup.java:2666)
    android.view.ViewGroup.dispatchTouchEvent(ViewGroup.java:2257)
    android.view.ViewGroup.dispatchTransformedTouchEvent(ViewGroup.java:2666)
    android.view.ViewGroup.dispatchTouchEvent(ViewGroup.java:2257)
    android.view.ViewGroup.dispatchTransformedTouchEvent(ViewGroup.java:2666)
    android.view.ViewGroup.dispatchTouchEvent(ViewGroup.java:2257)
    android.view.ViewGroup.dispatchTransformedTouchEvent(ViewGroup.java:2666)
    android.view.ViewGroup.dispatchTouchEvent(ViewGroup.java:2257)
    android.view.ViewGroup.dispatchTransformedTouchEvent(ViewGroup.java:2666)
    android.view.ViewGroup.dispatchTouchEvent(ViewGroup.java:2257)
    com.android.internal.policy.PhoneWindow$DecorView.superDispatchTouchEvent(PhoneWindow.java:2480)
    com.android.internal.policy.PhoneWindow.superDispatchTouchEvent(PhoneWindow.java:1775)
    android.app.Dialog.dispatchTouchEvent(Dialog.java:810)
    android.inputmethodservice.SoftInputWindow.dispatchTouchEvent(SoftInputWindow.java:93)
    com.android.internal.policy.PhoneWindow$DecorView.dispatchTouchEvent(PhoneWindow.java:2441)
    android.view.View.dispatchPointerEvent(View.java:9667)
    android.view.ViewRootImpl$ViewPostImeInputStage.processPointerEvent(ViewRootImpl.java:4761)
    android.view.ViewRootImpl$ViewPostImeInputStage.onProcess(ViewRootImpl.java:4619)
    android.view.ViewRootImpl$InputStage.deliver(ViewRootImpl.java:4106)
    android.view.ViewRootImpl$InputStage.onDeliverToNext(ViewRootImpl.java:4159)
    android.view.ViewRootImpl$InputStage.forward(ViewRootImpl.java:4125)
    android.view.ViewRootImpl$AsyncInputStage.forward(ViewRootImpl.java:4289)
    android.view.ViewRootImpl$InputStage.apply(ViewRootImpl.java:4133)
    android.view.ViewRootImpl$AsyncInputStage.apply(ViewRootImpl.java:4346)
    android.view.ViewRootImpl$InputStage.deliver(ViewRootImpl.java:4106)
    android.view.ViewRootImpl$InputStage.onDeliverToNext(ViewRootImpl.java:4159)
    android.view.ViewRootImpl$InputStage.forward(ViewRootImpl.java:4125)
    android.view.ViewRootImpl$InputStage.apply(ViewRootImpl.java:4133)
    android.view.ViewRootImpl$InputStage.deliver(ViewRootImpl.java:4106)
    android.view.ViewRootImpl.deliverInputEvent(ViewRootImpl.java:6589)
    android.view.ViewRootImpl.doProcessInputEvents(ViewRootImpl.java:6563)
    android.view.ViewRootImpl.enqueueInputEvent(ViewRootImpl.java:6495)
    android.view.ViewRootImpl$WindowInputEventReceiver.onInputEvent(ViewRootImpl.java:6761)
    android.view.InputEventReceiver.dispatchInputEvent(InputEventReceiver.java:185)
    android.os.MessageQueue.nativePollOnce(Native Method)
    android.os.MessageQueue.next(MessageQueue.java:328)
    android.os.Looper.loop(Looper.java:164)
    android.app.ActivityThread.main(ActivityThread.java:5776)
    java.lang.reflect.Method.invoke(Native Method)
    com.android.internal.os.ZygoteInit$MethodAndArgsCaller.run(ZygoteInit.java:789)
    com.android.internal.os.ZygoteInit.main(ZygoteInit.java:679)
--------- Cause ---------

-------------------------------

java.lang.NullPointerException: Attempt to invoke virtual method 'void research.sg.edu.edapp.kb.KbSwipeKeyboard.pickSuggestionManually(int)' on a null object reference

11-09-2017 18:54:28.293--------- Stack Trace ---------

    research.sg.edu.edapp.kb.KbCandidateView.onTouchEvent(KbCandidateView.java:303)
    android.view.View.dispatchTouchEvent(View.java:9436)
    android.view.ViewGroup.dispatchTransformedTouchEvent(ViewGroup.java:2666)
    android.view.ViewGroup.dispatchTouchEvent(ViewGroup.java:2318)
    android.view.ViewGroup.dispatchTransformedTouchEvent(ViewGroup.java:2666)
    android.view.ViewGroup.dispatchTouchEvent(ViewGroup.java:2318)
    android.view.ViewGroup.dispatchTransformedTouchEvent(ViewGroup.java:2666)
    android.view.ViewGroup.dispatchTouchEvent(ViewGroup.java:2318)
    android.view.ViewGroup.dispatchTransformedTouchEvent(ViewGroup.java:2666)
    android.view.ViewGroup.dispatchTouchEvent(ViewGroup.java:2318)
    android.view.ViewGroup.dispatchTransformedTouchEvent(ViewGroup.java:2666)
    android.view.ViewGroup.dispatchTouchEvent(ViewGroup.java:2318)
    android.view.ViewGroup.dispatchTransformedTouchEvent(ViewGroup.java:2666)
    android.view.ViewGroup.dispatchTouchEvent(ViewGroup.java:2318)
    com.android.internal.policy.PhoneWindow$DecorView.superDispatchTouchEvent(PhoneWindow.java:2480)
    com.android.internal.policy.PhoneWindow.superDispatchTouchEvent(PhoneWindow.java:1775)
    android.app.Dialog.dispatchTouchEvent(Dialog.java:810)
    android.inputmethodservice.SoftInputWindow.dispatchTouchEvent(SoftInputWindow.java:93)
    com.android.internal.policy.PhoneWindow$DecorView.dispatchTouchEvent(PhoneWindow.java:2441)
    android.view.View.dispatchPointerEvent(View.java:9667)
    android.view.ViewRootImpl$ViewPostImeInputStage.processPointerEvent(ViewRootImpl.java:4761)
    android.view.ViewRootImpl$ViewPostImeInputStage.onProcess(ViewRootImpl.java:4619)
    android.view.ViewRootImpl$InputStage.deliver(ViewRootImpl.java:4106)
    android.view.ViewRootImpl$InputStage.onDeliverToNext(ViewRootImpl.java:4159)
    android.view.ViewRootImpl$InputStage.forward(ViewRootImpl.java:4125)
    android.view.ViewRootImpl$AsyncInputStage.forward(ViewRootImpl.java:4289)
    android.view.ViewRootImpl$InputStage.apply(ViewRootImpl.java:4133)
    android.view.ViewRootImpl$AsyncInputStage.apply(ViewRootImpl.java:4346)
    android.view.ViewRootImpl$InputStage.deliver(ViewRootImpl.java:4106)
    android.view.ViewRootImpl$InputStage.onDeliverToNext(ViewRootImpl.java:4159)
    android.view.ViewRootImpl$InputStage.forward(ViewRootImpl.java:4125)
    android.view.ViewRootImpl$InputStage.apply(ViewRootImpl.java:4133)
    android.view.ViewRootImpl$InputStage.deliver(ViewRootImpl.java:4106)
    android.view.ViewRootImpl.deliverInputEvent(ViewRootImpl.java:6589)
    android.view.ViewRootImpl.doProcessInputEvents(ViewRootImpl.java:6563)
    android.view.ViewRootImpl.enqueueInputEvent(ViewRootImpl.java:6495)
    android.view.ViewRootImpl$WindowInputEventReceiver.onInputEvent(ViewRootImpl.java:6761)
    android.view.InputEventReceiver.dispatchInputEvent(InputEventReceiver.java:185)
    android.os.MessageQueue.nativePollOnce(Native Method)
    android.os.MessageQueue.next(MessageQueue.java:328)
    android.os.Looper.loop(Looper.java:164)
    android.app.ActivityThread.main(ActivityThread.java:5776)
    java.lang.reflect.Method.invoke(Native Method)
    com.android.internal.os.ZygoteInit$MethodAndArgsCaller.run(ZygoteInit.java:789)
    com.android.internal.os.ZygoteInit.main(ZygoteInit.java:679)
--------- Cause ---------

-------------------------------

java.lang.NullPointerException: Attempt to invoke virtual method 'void research.sg.edu.edapp.kb.KbSwipeKeyboard.pickSuggestionManually(int)' on a null object reference

11-09-2017 19:20:29.291--------- Stack Trace ---------

    research.sg.edu.edapp.kb.KbCandidateView.onTouchEvent(KbCandidateView.java:303)
    android.view.View.dispatchTouchEvent(View.java:9436)
    android.view.ViewGroup.dispatchTransformedTouchEvent(ViewGroup.java:2666)
    android.view.ViewGroup.dispatchTouchEvent(ViewGroup.java:2318)
    android.view.ViewGroup.dispatchTransformedTouchEvent(ViewGroup.java:2666)
    android.view.ViewGroup.dispatchTouchEvent(ViewGroup.java:2318)
    android.view.ViewGroup.dispatchTransformedTouchEvent(ViewGroup.java:2666)
    android.view.ViewGroup.dispatchTouchEvent(ViewGroup.java:2318)
    android.view.ViewGroup.dispatchTransformedTouchEvent(ViewGroup.java:2666)
    android.view.ViewGroup.dispatchTouchEvent(ViewGroup.java:2318)
    android.view.ViewGroup.dispatchTransformedTouchEvent(ViewGroup.java:2666)
    android.view.ViewGroup.dispatchTouchEvent(ViewGroup.java:2318)
    android.view.ViewGroup.dispatchTransformedTouchEvent(ViewGroup.java:2666)
    android.view.ViewGroup.dispatchTouchEvent(ViewGroup.java:2318)
    com.android.internal.policy.PhoneWindow$DecorView.superDispatchTouchEvent(PhoneWindow.java:2480)
    com.android.internal.policy.PhoneWindow.superDispatchTouchEvent(PhoneWindow.java:1775)
    android.app.Dialog.dispatchTouchEvent(Dialog.java:810)
    android.inputmethodservice.SoftInputWindow.dispatchTouchEvent(SoftInputWindow.java:93)
    com.android.internal.policy.PhoneWindow$DecorView.dispatchTouchEvent(PhoneWindow.java:2441)
    android.view.View.dispatchPointerEvent(View.java:9667)
    android.view.ViewRootImpl$ViewPostImeInputStage.processPointerEvent(ViewRootImpl.java:4761)
    android.view.ViewRootImpl$ViewPostImeInputStage.onProcess(ViewRootImpl.java:4619)
    android.view.ViewRootImpl$InputStage.deliver(ViewRootImpl.java:4106)
    android.view.ViewRootImpl$InputStage.onDeliverToNext(ViewRootImpl.java:4159)
    android.view.ViewRootImpl$InputStage.forward(ViewRootImpl.java:4125)
    android.view.ViewRootImpl$AsyncInputStage.forward(ViewRootImpl.java:4289)
    android.view.ViewRootImpl$InputStage.apply(ViewRootImpl.java:4133)
    android.view.ViewRootImpl$AsyncInputStage.apply(ViewRootImpl.java:4346)
    android.view.ViewRootImpl$InputStage.deliver(ViewRootImpl.java:4106)
    android.view.ViewRootImpl$InputStage.onDeliverToNext(ViewRootImpl.java:4159)
    android.view.ViewRootImpl$InputStage.forward(ViewRootImpl.java:4125)
    android.view.ViewRootImpl$InputStage.apply(ViewRootImpl.java:4133)
    android.view.ViewRootImpl$InputStage.deliver(ViewRootImpl.java:4106)
    android.view.ViewRootImpl.deliverInputEvent(ViewRootImpl.java:6589)
    android.view.ViewRootImpl.doProcessInputEvents(ViewRootImpl.java:6563)
    android.view.ViewRootImpl.enqueueInputEvent(ViewRootImpl.java:6495)
    android.view.ViewRootImpl$WindowInputEventReceiver.onInputEvent(ViewRootImpl.java:6761)
    android.view.InputEventReceiver.dispatchInputEvent(InputEventReceiver.java:185)
    android.os.MessageQueue.nativePollOnce(Native Method)
    android.os.MessageQueue.next(MessageQueue.java:328)
    android.os.Looper.loop(Looper.java:164)
    android.app.ActivityThread.main(ActivityThread.java:5776)
    java.lang.reflect.Method.invoke(Native Method)
    com.android.internal.os.ZygoteInit$MethodAndArgsCaller.run(ZygoteInit.java:789)
    com.android.internal.os.ZygoteInit.main(ZygoteInit.java:679)
--------- Cause ---------

-------------------------------

java.lang.StringIndexOutOfBoundsException: length=0; regionStart=0; regionLength=-1

11-09-2017 23:37:02.243--------- Stack Trace ---------

    java.lang.String.startEndAndLength(String.java:298)
    java.lang.String.substring(String.java:1087)
    research.sg.edu.edapp.kb.KbSwipeKeyboard.onKey(KbSwipeKeyboard.java:1068)
    android.inputmethodservice.KeyboardView.detectAndSendKey(KeyboardView.java:828)
    android.inputmethodservice.KeyboardView.repeatKey(KeyboardView.java:1371)
    android.inputmethodservice.KeyboardView.-wrap1(KeyboardView.java)
    android.inputmethodservice.KeyboardView$1.handleMessage(KeyboardView.java:267)
    android.os.Handler.dispatchMessage(Handler.java:111)
    android.os.Looper.loop(Looper.java:207)
    android.app.ActivityThread.main(ActivityThread.java:5776)
    java.lang.reflect.Method.invoke(Native Method)
    com.android.internal.os.ZygoteInit$MethodAndArgsCaller.run(ZygoteInit.java:789)
    com.android.internal.os.ZygoteInit.main(ZygoteInit.java:679)
--------- Cause ---------

-------------------------------

java.lang.NullPointerException: Attempt to invoke virtual method 'int java.lang.String.length()' on a null object reference

11-09-2017 23:58:33.471--------- Stack Trace ---------

    research.sg.edu.edapp.kb.KbSwipeKeyboard.handleBackspace(KbSwipeKeyboard.java:1263)
    research.sg.edu.edapp.kb.KbSwipeKeyboard.onKey(KbSwipeKeyboard.java:1070)
    android.inputmethodservice.KeyboardView.detectAndSendKey(KeyboardView.java:828)
    android.inputmethodservice.KeyboardView.repeatKey(KeyboardView.java:1371)
    android.inputmethodservice.KeyboardView.onModifiedTouchEvent(KeyboardView.java:1281)
    android.inputmethodservice.KeyboardView.onTouchEvent(KeyboardView.java:1214)
    android.view.View.dispatchTouchEvent(View.java:9436)
    android.view.ViewGroup.dispatchTransformedTouchEvent(ViewGroup.java:2666)
    android.view.ViewGroup.dispatchTouchEvent(ViewGroup.java:2257)
    android.view.ViewGroup.dispatchTransformedTouchEvent(ViewGroup.java:2666)
    android.view.ViewGroup.dispatchTouchEvent(ViewGroup.java:2257)
    android.view.ViewGroup.dispatchTransformedTouchEvent(ViewGroup.java:2666)
    android.view.ViewGroup.dispatchTouchEvent(ViewGroup.java:2257)
    android.view.ViewGroup.dispatchTransformedTouchEvent(ViewGroup.java:2666)
    android.view.ViewGroup.dispatchTouchEvent(ViewGroup.java:2257)
    android.view.ViewGroup.dispatchTransformedTouchEvent(ViewGroup.java:2666)
    android.view.ViewGroup.dispatchTouchEvent(ViewGroup.java:2257)
    com.android.internal.policy.PhoneWindow$DecorView.superDispatchTouchEvent(PhoneWindow.java:2480)
    com.android.internal.policy.PhoneWindow.superDispatchTouchEvent(PhoneWindow.java:1775)
    android.app.Dialog.dispatchTouchEvent(Dialog.java:810)
    android.inputmethodservice.SoftInputWindow.dispatchTouchEvent(SoftInputWindow.java:93)
    com.android.internal.policy.PhoneWindow$DecorView.dispatchTouchEvent(PhoneWindow.java:2441)
    android.view.View.dispatchPointerEvent(View.java:9667)
    android.view.ViewRootImpl$ViewPostImeInputStage.processPointerEvent(ViewRootImpl.java:4761)
    android.view.ViewRootImpl$ViewPostImeInputStage.onProcess(ViewRootImpl.java:4619)
    android.view.ViewRootImpl$InputStage.deliver(ViewRootImpl.java:4106)
    android.view.ViewRootImpl$InputStage.onDeliverToNext(ViewRootImpl.java:4159)
    android.view.ViewRootImpl$InputStage.forward(ViewRootImpl.java:4125)
    android.view.ViewRootImpl$AsyncInputStage.forward(ViewRootImpl.java:4289)
    android.view.ViewRootImpl$InputStage.apply(ViewRootImpl.java:4133)
    android.view.ViewRootImpl$AsyncInputStage.apply(ViewRootImpl.java:4346)
    android.view.ViewRootImpl$InputStage.deliver(ViewRootImpl.java:4106)
    android.view.ViewRootImpl$InputStage.onDeliverToNext(ViewRootImpl.java:4159)
    android.view.ViewRootImpl$InputStage.forward(ViewRootImpl.java:4125)
    android.view.ViewRootImpl$InputStage.apply(ViewRootImpl.java:4133)
    android.view.ViewRootImpl$InputStage.deliver(ViewRootImpl.java:4106)
    android.view.ViewRootImpl.deliverInputEvent(ViewRootImpl.java:6589)
    android.view.ViewRootImpl.doProcessInputEvents(ViewRootImpl.java:6563)
    android.view.ViewRootImpl.enqueueInputEvent(ViewRootImpl.java:6495)
    android.view.ViewRootImpl$WindowInputEventReceiver.onInputEvent(ViewRootImpl.java:6761)
    android.view.InputEventReceiver.dispatchInputEvent(InputEventReceiver.java:185)
    android.os.MessageQueue.nativePollOnce(Native Method)
    android.os.MessageQueue.next(MessageQueue.java:328)
    android.os.Looper.loop(Looper.java:164)
    android.app.ActivityThread.main(ActivityThread.java:5776)
    java.lang.reflect.Method.invoke(Native Method)
    com.android.internal.os.ZygoteInit$MethodAndArgsCaller.run(ZygoteInit.java:789)
    com.android.internal.os.ZygoteInit.main(ZygoteInit.java:679)
--------- Cause ---------

-------------------------------

java.lang.NullPointerException: Attempt to invoke virtual method 'int java.lang.String.length()' on a null object reference

11-09-2017 23:58:43.300--------- Stack Trace ---------

    research.sg.edu.edapp.kb.KbSwipeKeyboard.handleBackspace(KbSwipeKeyboard.java:1263)
    research.sg.edu.edapp.kb.KbSwipeKeyboard.onKey(KbSwipeKeyboard.java:1070)
    android.inputmethodservice.KeyboardView.detectAndSendKey(KeyboardView.java:828)
    android.inputmethodservice.KeyboardView.repeatKey(KeyboardView.java:1371)
    android.inputmethodservice.KeyboardView.onModifiedTouchEvent(KeyboardView.java:1281)
    android.inputmethodservice.KeyboardView.onTouchEvent(KeyboardView.java:1214)
    android.view.View.dispatchTouchEvent(View.java:9436)
    android.view.ViewGroup.dispatchTransformedTouchEvent(ViewGroup.java:2666)
    android.view.ViewGroup.dispatchTouchEvent(ViewGroup.java:2257)
    android.view.ViewGroup.dispatchTransformedTouchEvent(ViewGroup.java:2666)
    android.view.ViewGroup.dispatchTouchEvent(ViewGroup.java:2257)
    android.view.ViewGroup.dispatchTransformedTouchEvent(ViewGroup.java:2666)
    android.view.ViewGroup.dispatchTouchEvent(ViewGroup.java:2257)
    android.view.ViewGroup.dispatchTransformedTouchEvent(ViewGroup.java:2666)
    android.view.ViewGroup.dispatchTouchEvent(ViewGroup.java:2257)
    android.view.ViewGroup.dispatchTransformedTouchEvent(ViewGroup.java:2666)
    android.view.ViewGroup.dispatchTouchEvent(ViewGroup.java:2257)
    com.android.internal.policy.PhoneWindow$DecorView.superDispatchTouchEvent(PhoneWindow.java:2480)
    com.android.internal.policy.PhoneWindow.superDispatchTouchEvent(PhoneWindow.java:1775)
    android.app.Dialog.dispatchTouchEvent(Dialog.java:810)
    android.inputmethodservice.SoftInputWindow.dispatchTouchEvent(SoftInputWindow.java:93)
    com.android.internal.policy.PhoneWindow$DecorView.dispatchTouchEvent(PhoneWindow.java:2441)
    android.view.View.dispatchPointerEvent(View.java:9667)
    android.view.ViewRootImpl$ViewPostImeInputStage.processPointerEvent(ViewRootImpl.java:4761)
    android.view.ViewRootImpl$ViewPostImeInputStage.onProcess(ViewRootImpl.java:4619)
    android.view.ViewRootImpl$InputStage.deliver(ViewRootImpl.java:4106)
    android.view.ViewRootImpl$InputStage.onDeliverToNext(ViewRootImpl.java:4159)
    android.view.ViewRootImpl$InputStage.forward(ViewRootImpl.java:4125)
    android.view.ViewRootImpl$AsyncInputStage.forward(ViewRootImpl.java:4289)
    android.view.ViewRootImpl$InputStage.apply(ViewRootImpl.java:4133)
    android.view.ViewRootImpl$AsyncInputStage.apply(ViewRootImpl.java:4346)
    android.view.ViewRootImpl$InputStage.deliver(ViewRootImpl.java:4106)
    android.view.ViewRootImpl$InputStage.onDeliverToNext(ViewRootImpl.java:4159)
    android.view.ViewRootImpl$InputStage.forward(ViewRootImpl.java:4125)
    android.view.ViewRootImpl$InputStage.apply(ViewRootImpl.java:4133)
    android.view.ViewRootImpl$InputStage.deliver(ViewRootImpl.java:4106)
    android.view.ViewRootImpl.deliverInputEvent(ViewRootImpl.java:6589)
    android.view.ViewRootImpl.doProcessInputEvents(ViewRootImpl.java:6563)
    android.view.ViewRootImpl.enqueueInputEvent(ViewRootImpl.java:6495)
    android.view.ViewRootImpl$WindowInputEventReceiver.onInputEvent(ViewRootImpl.java:6761)
    android.view.InputEventReceiver.dispatchInputEvent(InputEventReceiver.java:185)
    android.os.MessageQueue.nativePollOnce(Native Method)
    android.os.MessageQueue.next(MessageQueue.java:328)
    android.os.Looper.loop(Looper.java:164)
    android.app.ActivityThread.main(ActivityThread.java:5776)
    java.lang.reflect.Method.invoke(Native Method)
    com.android.internal.os.ZygoteInit$MethodAndArgsCaller.run(ZygoteInit.java:789)
    com.android.internal.os.ZygoteInit.main(ZygoteInit.java:679)
--------- Cause ---------

-------------------------------

java.lang.StringIndexOutOfBoundsException: length=0; index=-1

12-09-2017 01:03:42.577--------- Stack Trace ---------

    java.lang.String.charAt(Native Method)
    research.sg.edu.edapp.kb.KbSwipeKeyboard.getLastWord(KbSwipeKeyboard.java:1277)
    research.sg.edu.edapp.kb.KbSwipeKeyboard.typedWordSuggestions(KbSwipeKeyboard.java:1163)
    research.sg.edu.edapp.kb.KbSwipeKeyboard.onKey(KbSwipeKeyboard.java:1071)
    android.inputmethodservice.KeyboardView.detectAndSendKey(KeyboardView.java:828)
    android.inputmethodservice.KeyboardView.repeatKey(KeyboardView.java:1371)
    android.inputmethodservice.KeyboardView.onModifiedTouchEvent(KeyboardView.java:1281)
    android.inputmethodservice.KeyboardView.onTouchEvent(KeyboardView.java:1214)
    android.view.View.dispatchTouchEvent(View.java:9436)
    android.view.ViewGroup.dispatchTransformedTouchEvent(ViewGroup.java:2666)
    android.view.ViewGroup.dispatchTouchEvent(ViewGroup.java:2257)
    android.view.ViewGroup.dispatchTransformedTouchEvent(ViewGroup.java:2666)
    android.view.ViewGroup.dispatchTouchEvent(ViewGroup.java:2257)
    android.view.ViewGroup.dispatchTransformedTouchEvent(ViewGroup.java:2666)
    android.view.ViewGroup.dispatchTouchEvent(ViewGroup.java:2257)
    android.view.ViewGroup.dispatchTransformedTouchEvent(ViewGroup.java:2666)
    android.view.ViewGroup.dispatchTouchEvent(ViewGroup.java:2257)
    android.view.ViewGroup.dispatchTransformedTouchEvent(ViewGroup.java:2666)
    android.view.ViewGroup.dispatchTouchEvent(ViewGroup.java:2257)
    com.android.internal.policy.PhoneWindow$DecorView.superDispatchTouchEvent(PhoneWindow.java:2480)
    com.android.internal.policy.PhoneWindow.superDispatchTouchEvent(PhoneWindow.java:1775)
    android.app.Dialog.dispatchTouchEvent(Dialog.java:810)
    android.inputmethodservice.SoftInputWindow.dispatchTouchEvent(SoftInputWindow.java:93)
    com.android.internal.policy.PhoneWindow$DecorView.dispatchTouchEvent(PhoneWindow.java:2441)
    android.view.View.dispatchPointerEvent(View.java:9667)
    android.view.ViewRootImpl$ViewPostImeInputStage.processPointerEvent(ViewRootImpl.java:4761)
    android.view.ViewRootImpl$ViewPostImeInputStage.onProcess(ViewRootImpl.java:4619)
    android.view.ViewRootImpl$InputStage.deliver(ViewRootImpl.java:4106)
    android.view.ViewRootImpl$InputStage.onDeliverToNext(ViewRootImpl.java:4159)
    android.view.ViewRootImpl$InputStage.forward(ViewRootImpl.java:4125)
    android.view.ViewRootImpl$AsyncInputStage.forward(ViewRootImpl.java:4289)
    android.view.ViewRootImpl$InputStage.apply(ViewRootImpl.java:4133)
    android.view.ViewRootImpl$AsyncInputStage.apply(ViewRootImpl.java:4346)
    android.view.ViewRootImpl$InputStage.deliver(ViewRootImpl.java:4106)
    android.view.ViewRootImpl$InputStage.onDeliverToNext(ViewRootImpl.java:4159)
    android.view.ViewRootImpl$InputStage.forward(ViewRootImpl.java:4125)
    android.view.ViewRootImpl$InputStage.apply(ViewRootImpl.java:4133)
    android.view.ViewRootImpl$InputStage.deliver(ViewRootImpl.java:4106)
    android.view.ViewRootImpl.deliverInputEvent(ViewRootImpl.java:6589)
    android.view.ViewRootImpl.doProcessInputEvents(ViewRootImpl.java:6563)
    android.view.ViewRootImpl.enqueueInputEvent(ViewRootImpl.java:6495)
    android.view.ViewRootImpl$WindowInputEventReceiver.onInputEvent(ViewRootImpl.java:6761)
    android.view.InputEventReceiver.dispatchInputEvent(InputEventReceiver.java:185)
    android.os.MessageQueue.nativePollOnce(Native Method)
    android.os.MessageQueue.next(MessageQueue.java:328)
    android.os.Looper.loop(Looper.java:164)
    android.app.ActivityThread.main(ActivityThread.java:5776)
    java.lang.reflect.Method.invoke(Native Method)
    com.android.internal.os.ZygoteInit$MethodAndArgsCaller.run(ZygoteInit.java:789)
    com.android.internal.os.ZygoteInit.main(ZygoteInit.java:679)
--------- Cause ---------

-------------------------------

